<?xml version="1.0" encoding="UTF-8"?>
<!-- Generated by org.testng.reporters.JUnitReportReporter -->
<testsuite hostname="NhanAi" failures="0" tests="3" name="personalproject.tests.SubmitOrderTest" time="22.671" errors="0" timestamp="2024-08-31T23:22:47 ICT" skipped="0">
  <testcase classname="personalproject.tests.SubmitOrderTest" name="OrderHistoryTest" time="4.138"/>
  <testcase classname="personalproject.tests.SubmitOrderTest" name="submitOrder" time="9.514"/>
  <testcase classname="personalproject.tests.SubmitOrderTest" name="submitOrder" time="9.019"/>
</testsuite> <!-- personalproject.tests.SubmitOrderTest -->
